<?xml version="1.0" encoding="UTF-8"?>
<!-- Generated by org.testng.reporters.JUnitXMLReporter -->
<testsuite ignored="0" hostname="DESKTOP-CG51U2J" failures="1" tests="8" name="Test" time="94.14" errors="0" timestamp="2025-02-24T14:14:25 IST">
  <testcase classname="testCases.TC001_AccountRegistrationTest" name="verify_account_registration" time="5.408"/>
  <testcase classname="testCases.TC002_LoginTest" name="verify_login" time="4.019"/>
  <testcase classname="testCases.TC003_LoginDDT" name="verify_loginDDT" time="7.281"/>
  <testcase classname="testCases.TC003_LoginDDT" name="verify_loginDDT" time="3.492">
    <failure type="java.lang.AssertionError" message="expected [true] but found [false]">
      <![CDATA[java.lang.AssertionError: expected [true] but found [false]
at testCases.TC003_LoginDDT.verify_loginDDT(TC003_LoginDDT.java:65)
at java.base/java.util.ArrayList.forEach(ArrayList.java:1596)
... Removed 33 stack frames]]>
    </failure>
  </testcase> <!-- verify_loginDDT -->
  <testcase classname="testCases.TC003_LoginDDT" name="verify_loginDDT" time="15.399"/>
  <testcase classname="testCases.TC003_LoginDDT" name="verify_loginDDT" time="15.173"/>
  <testcase classname="testCases.TC003_LoginDDT" name="verify_loginDDT" time="6.355"/>
  <testcase classname="testCases.TC003_LoginDDT" name="verify_loginDDT" time="15.339"/>
</testsuite> <!-- Test -->
